#
# A fatal error has been detected by the Java Runtime Environment:
#
#  EXCEPTION_UNCAUGHT_CXX_EXCEPTION (0xe06d7363) at pc=0x00007ffb2bfa606c, pid=8636, tid=3004
#
# JRE version: Java(TM) SE Runtime Environment (8.0_25-b18) (build 1.8.0_25-b18)
# Java VM: Java HotSpot(TM) 64-Bit Server VM (25.25-b02 mixed mode windows-amd64 compressed oops)
# Problematic frame:
# C  [KERNELBASE.dll+0x606c]
#
# Failed to write core dump. Minidumps are not enabled by default on client versions of Windows
#
# If you would like to submit a bug report, please visit:
#   http://bugreport.sun.com/bugreport/crash.jsp
# The crash happened outside the Java Virtual Machine in native code.
# See problematic frame for where to report the bug.
#

---------------  T H R E A D  ---------------

Current thread (0x000000001e47a000):  JavaThread "JavaFX Application Thread" [_thread_in_native, id=3004, stack(0x000000001d220000,0x000000001d320000)]

siginfo: ExceptionCode=0xe06d7363, ExceptionInformation=0x0000000019930520 0x000000001d31cd20 0x0000000054f55a00 0x0000000054eb0000 

Registers:
RAX=0x0000000053e194f9, RBX=0x000000001d31cd20, RCX=0x0000000002560000, RDX=0x0000000053e194f9
RSP=0x000000001d31cbb0, RBP=0x000000001d31ccf0, RSI=0x0000000000010000, RDI=0x0000000054f55a00
R8 =0x000000001d31c830, R9 =0x000000001d31c729, R10=0x0000000052b26354, R11=0x0000000000000000
R12=0x000000001f4cc210, R13=0x000000001ff078a0, R14=0x000000001f4cc210, R15=0x0000000028249370
RIP=0x00007ffb2bfa606c, EFLAGS=0x0000000000000206

Top of Stack: (sp=0x000000001d31cbb0)
0x000000001d31cbb0:   0000000000010000 000000001d31cd20
0x000000001d31cbc0:   0000000000010000 0000000054f55a00
0x000000001d31cbd0:   00000001e06d7363 0000000000000000
0x000000001d31cbe0:   00007ffb2bfa606c 0000000000000004
0x000000001d31cbf0:   0000000019930520 000000001d31cd20
0x000000001d31cc00:   0000000054f55a00 0000000054eb0000
0x000000001d31cc10:   0000000028249370 000000001f4cc210
0x000000001d31cc20:   000000001ff078a0 000000001d31ccb0
0x000000001d31cc30:   0000000054f62620 0000000000000000
0x000000001d31cc40:   0000000000000000 00007ffb2ea732f7
0x000000001d31cc50:   0000000054f62620 0000000054f62620
0x000000001d31cc60:   0000000028249370 000000001f4cc210
0x000000001d31cc70:   0000c24d0936948f 0000000000010000
0x000000001d31cc80:   000000001d31cd20 0000000054f114f1
0x000000001d31cc90:   000000001d31cd20 000000001d31cd00
0x000000001d31cca0:   0000000000000001 0000000000000000 

Instructions: (pc=0x00007ffb2bfa606c)
0x00007ffb2bfa604c:   44 3b c0 44 0f 47 c0 44 89 44 24 38 49 c1 e0 03
0x00007ffb2bfa605c:   e8 cb b5 ff ff 48 8d 4c 24 20 ff 15 fc e5 0f 00
0x00007ffb2bfa606c:   48 8b 8c 24 c0 00 00 00 48 33 cc e8 84 b3 ff ff
0x00007ffb2bfa607c:   48 81 c4 d8 00 00 00 c3 90 90 90 90 90 90 90 90 


Register to memory mapping:

RAX=0x0000000053e194f9 is an unknown value
RBX=0x000000001d31cd20 is pointing into the stack for thread: 0x000000001e47a000
RCX=0x0000000002560000 is an unknown value
RDX=0x0000000053e194f9 is an unknown value
RSP=0x000000001d31cbb0 is pointing into the stack for thread: 0x000000001e47a000
RBP=0x000000001d31ccf0 is pointing into the stack for thread: 0x000000001e47a000
RSI=0x0000000000010000 is an unknown value
RDI=0x0000000054f55a00 is an unknown value
R8 =0x000000001d31c830 is pointing into the stack for thread: 0x000000001e47a000
R9 =0x000000001d31c729 is pointing into the stack for thread: 0x000000001e47a000
R10=0x0000000052b26354 is an unknown value
R11=0x0000000000000000 is an unknown value
R12=0x000000001f4cc210 is an unknown value
R13=0x000000001ff078a0 is an unknown value
R14=0x000000001f4cc210 is an unknown value
R15=0x0000000028249370 is an unknown value


Stack: [0x000000001d220000,0x000000001d320000],  sp=0x000000001d31cbb0,  free space=1010k
Native frames: (J=compiled Java code, j=interpreted, Vv=VM code, C=native code)
C  [KERNELBASE.dll+0x606c]

Java frames: (J=compiled Java code, j=interpreted, Vv=VM code)
J 5874  com.sun.webkit.WebPage.twkPrePaint(J)V (0 bytes) @ 0x000000000381e4bb [0x000000000381e480+0x3b]
J 5873 C1 com.sun.webkit.WebPage.updateDirty(Lcom/sun/webkit/graphics/WCRectangle;)V (612 bytes) @ 0x00000000038250e4 [0x0000000003824260+0xe84]
J 5902 C1 com.sun.webkit.WebPage.updateContent(Lcom/sun/webkit/graphics/WCRectangle;)V (56 bytes) @ 0x00000000031ae174 [0x00000000031ad940+0x834]
J 5473 C1 com.sun.javafx.sg.prism.NGWebView.update()V (72 bytes) @ 0x00000000036e0454 [0x00000000036dfb60+0x8f4]
J 4325 C1 javafx.scene.web.WebView.handleStagePulse()V (113 bytes) @ 0x00000000029fd5a4 [0x00000000029fb2a0+0x2304]
J 4501 C1 javafx.scene.web.WebView$$Lambda$102.pulse()V (8 bytes) @ 0x00000000033d368c [0x00000000033d35c0+0xcc]
J 5202 C2 com.sun.javafx.tk.Toolkit$$Lambda$147.run()Ljava/lang/Object; (8 bytes) @ 0x0000000003607704 [0x00000000036076c0+0x44]
v  ~StubRoutines::call_stub
J 1994  java.security.AccessController.doPrivileged(Ljava/security/PrivilegedAction;Ljava/security/AccessControlContext;)Ljava/lang/Object; (0 bytes) @ 0x0000000002ea09a6 [0x0000000002ea0940+0x66]
J 6133 C2 com.sun.glass.ui.InvokeLaterDispatcher$Future.run()V (91 bytes) @ 0x00000000038ee49c [0x00000000038ecfa0+0x14fc]
v  ~StubRoutines::call_stub
j  com.sun.glass.ui.win.WinApplication._runLoop(Ljava/lang/Runnable;)V+0
j  com.sun.glass.ui.win.WinApplication.lambda$null$141(Ljava/lang/Runnable;)V+7
j  com.sun.glass.ui.win.WinApplication$$Lambda$51.run()V+8
j  java.lang.Thread.run()V+11
v  ~StubRoutines::call_stub

---------------  P R O C E S S  ---------------

Java Threads: ( => current thread )
  0x00000000282c4800 JavaThread "Thread-308" daemon [_thread_blocked, id=4176, stack(0x0000000033420000,0x0000000033520000)]
  0x00000000282c0800 JavaThread "Thread-307" daemon [_thread_blocked, id=5236, stack(0x0000000033320000,0x0000000033420000)]
  0x00000000282c3800 JavaThread "Thread-306" daemon [_thread_blocked, id=8940, stack(0x0000000033220000,0x0000000033320000)]
  0x00000000282c1800 JavaThread "Thread-305" daemon [_thread_blocked, id=4432, stack(0x0000000032220000,0x0000000032320000)]
  0x000000001ee65000 JavaThread "Thread-304" daemon [_thread_blocked, id=3444, stack(0x0000000031f90000,0x0000000032090000)]
  0x000000001ee65800 JavaThread "Thread-303" daemon [_thread_blocked, id=8280, stack(0x0000000031e90000,0x0000000031f90000)]
  0x00000000282ca800 JavaThread "URL-Loader-74" daemon [_thread_blocked, id=2312, stack(0x0000000032720000,0x0000000032820000)]
  0x00000000282c6000 JavaThread "URL-Loader-73" daemon [_thread_blocked, id=4448, stack(0x0000000032620000,0x0000000032720000)]
  0x00000000282c8000 JavaThread "URL-Loader-72" daemon [_thread_blocked, id=7332, stack(0x0000000032520000,0x0000000032620000)]
  0x00000000282c6800 JavaThread "URL-Loader-71" daemon [_thread_blocked, id=8160, stack(0x0000000032420000,0x0000000032520000)]
  0x000000001ffd1800 JavaThread "URL-Loader-70" daemon [_thread_blocked, id=5392, stack(0x00000000313d0000,0x00000000314d0000)]
  0x000000001ffcd000 JavaThread "URL-Loader-69" daemon [_thread_blocked, id=8916, stack(0x000000002f9a0000,0x000000002faa0000)]
  0x000000001ffcf000 JavaThread "URL-Loader-68" daemon [_thread_blocked, id=3424, stack(0x000000002f700000,0x000000002f800000)]
  0x000000001ffcd800 JavaThread "URL-Loader-67" daemon [_thread_blocked, id=736, stack(0x000000002f440000,0x000000002f540000)]
  0x000000001ffce800 JavaThread "URL-Loader-66" daemon [_thread_blocked, id=4244, stack(0x000000002f340000,0x000000002f440000)]
  0x000000001ffcc000 JavaThread "URL-Loader-65" daemon [_thread_blocked, id=1616, stack(0x000000002c520000,0x000000002c620000)]
  0x000000001ffc8800 JavaThread "URL-Loader-64" daemon [_thread_blocked, id=220, stack(0x000000002c380000,0x000000002c480000)]
  0x000000001ffca000 JavaThread "URL-Loader-63" daemon [_thread_blocked, id=1048, stack(0x000000002c040000,0x000000002c140000)]
  0x000000001ffca800 JavaThread "URL-Loader-62" daemon [_thread_blocked, id=7656, stack(0x000000002bb10000,0x000000002bc10000)]
  0x000000001ffc7800 JavaThread "URL-Loader-61" daemon [_thread_blocked, id=8104, stack(0x000000002ba10000,0x000000002bb10000)]
  0x000000001ffc4000 JavaThread "URL-Loader-60" daemon [_thread_blocked, id=176, stack(0x000000002ac20000,0x000000002ad20000)]
  0x000000001ffc7000 JavaThread "URL-Loader-59" daemon [_thread_blocked, id=2296, stack(0x000000002a970000,0x000000002aa70000)]
  0x000000001ffc3000 JavaThread "URL-Loader-58" daemon [_thread_blocked, id=1632, stack(0x000000002a6e0000,0x000000002a7e0000)]
  0x000000001ffc4800 JavaThread "URL-Loader-57" daemon [_thread_blocked, id=7380, stack(0x0000000029430000,0x0000000029530000)]
  0x000000001ffc2800 JavaThread "URL-Loader-56" daemon [_thread_blocked, id=8236, stack(0x0000000027460000,0x0000000027560000)]
  0x000000001ffc6000 JavaThread "URL-Loader-55" daemon [_thread_blocked, id=6272, stack(0x0000000021e50000,0x0000000021f50000)]
  0x00000000282c0000 JavaThread "D3D Screen Updater" daemon [_thread_blocked, id=7304, stack(0x000000002b8f0000,0x000000002b9f0000)]
  0x000000001adf2000 JavaThread "Prism Font Disposer" daemon [_thread_blocked, id=6024, stack(0x0000000026af0000,0x0000000026bf0000)]
  0x000000001ee62800 JavaThread "Watchdog-Timer-1" daemon [_thread_blocked, id=9104, stack(0x0000000021d30000,0x0000000021e30000)]
  0x000000001ee64000 JavaThread "Disposer" daemon [_thread_blocked, id=9188, stack(0x0000000021610000,0x0000000021710000)]
  0x000000001a944800 JavaThread "TimerQueue" daemon [_thread_blocked, id=1060, stack(0x00000000207a0000,0x00000000208a0000)]
  0x000000001ad1c800 JavaThread "Thread-4" daemon [_thread_in_native, id=6260, stack(0x00000000206a0000,0x00000000207a0000)]
=>0x000000001e47a000 JavaThread "JavaFX Application Thread" [_thread_in_native, id=3004, stack(0x000000001d220000,0x000000001d320000)]
  0x000000001f6db800 JavaThread "Thread-3" daemon [_thread_blocked, id=5244, stack(0x000000001d120000,0x000000001d220000)]
  0x000000001f679800 JavaThread "QuantumRenderer-0" daemon [_thread_blocked, id=6464, stack(0x000000001d020000,0x000000001d120000)]
  0x0000000002710800 JavaThread "DestroyJavaVM" [_thread_blocked, id=7992, stack(0x00000000025a0000,0x00000000026a0000)]
  0x000000001a85f800 JavaThread "AWT-EventQueue-0" [_thread_blocked, id=4772, stack(0x000000001b3a0000,0x000000001b4a0000)]
  0x0000000019b5e000 JavaThread "AWT-Windows" daemon [_thread_in_native, id=7964, stack(0x000000001b150000,0x000000001b250000)]
  0x000000001a858800 JavaThread "AWT-Shutdown" [_thread_blocked, id=6184, stack(0x000000001b050000,0x000000001b150000)]
  0x0000000019b33800 JavaThread "Java2D Disposer" daemon [_thread_blocked, id=4164, stack(0x000000001a750000,0x000000001a850000)]
  0x000000001981f000 JavaThread "Service Thread" daemon [_thread_blocked, id=756, stack(0x000000001a160000,0x000000001a260000)]
  0x00000000197a0800 JavaThread "C1 CompilerThread3" daemon [_thread_blocked, id=3856, stack(0x000000001a060000,0x000000001a160000)]
  0x000000001979d800 JavaThread "C2 CompilerThread2" daemon [_thread_blocked, id=8364, stack(0x0000000019f60000,0x000000001a060000)]
  0x000000001978a800 JavaThread "C2 CompilerThread1" daemon [_thread_blocked, id=4816, stack(0x0000000019e60000,0x0000000019f60000)]
  0x0000000019793000 JavaThread "C2 CompilerThread0" daemon [_thread_blocked, id=2792, stack(0x0000000019d60000,0x0000000019e60000)]
  0x0000000019791800 JavaThread "Attach Listener" daemon [_thread_blocked, id=5760, stack(0x0000000019c60000,0x0000000019d60000)]
  0x0000000019790800 JavaThread "Signal Dispatcher" daemon [_thread_blocked, id=7568, stack(0x0000000019b60000,0x0000000019c60000)]
  0x0000000002808800 JavaThread "Finalizer" daemon [_thread_blocked, id=8268, stack(0x0000000019660000,0x0000000019760000)]
  0x0000000002802000 JavaThread "Reference Handler" daemon [_thread_blocked, id=1688, stack(0x0000000019560000,0x0000000019660000)]

Other Threads:
  0x0000000017747800 VMThread [stack: 0x0000000019460000,0x0000000019560000] [id=6120]
  0x000000001982b800 WatcherThread [stack: 0x000000001a260000,0x000000001a360000] [id=3940]

VM state:not at safepoint (normal execution)

VM Mutex/Monitor currently owned by a thread: None

Heap:
 PSYoungGen      total 207360K, used 153612K [0x00000000d6000000, 0x00000000e9800000, 0x0000000100000000)
  eden space 183808K, 83% used [0x00000000d6000000,0x00000000df603300,0x00000000e1380000)
  from space 23552K, 0% used [0x00000000e1380000,0x00000000e1380000,0x00000000e2a80000)
  to   space 36864K, 0% used [0x00000000e7400000,0x00000000e7400000,0x00000000e9800000)
 ParOldGen       total 148992K, used 61034K [0x0000000082000000, 0x000000008b180000, 0x00000000d6000000)
  object space 148992K, 40% used [0x0000000082000000,0x0000000085b9a960,0x000000008b180000)
 Metaspace       used 30225K, capacity 31002K, committed 31104K, reserved 1077248K
  class space    used 3703K, capacity 3874K, committed 3968K, reserved 1048576K

Card table byte_map: [0x0000000011bd0000,0x0000000011fd0000] byte_map_base: 0x00000000117c0000

Marking Bits: (ParMarkBitMap*) 0x00000000543cd490
 Begin Bits: [0x0000000012a70000, 0x00000000149f0000)
 End Bits:   [0x00000000149f0000, 0x0000000016970000)

Polling page: 0x00000000024e0000

CodeCache: size=245760Kb used=20572Kb max_used=20572Kb free=225187Kb
 bounds [0x0000000002810000, 0x0000000003c60000, 0x0000000011810000]
 total_blobs=7139 nmethods=6258 adapters=792
 compilation: enabled

Compilation events (10 events):
Event: 87.933 Thread 0x0000000019793000 7131       4       com.sun.javafx.webkit.prism.PrismGraphicsManager::createBufferedContextRQ (45 bytes)
Event: 87.933 Thread 0x000000001979d800 7132       4       com.sun.webkit.graphics.WCRenderQueue::<init> (47 bytes)
Event: 87.937 Thread 0x000000001979d800 nmethod 7132 0x0000000002edab50 code [0x0000000002edace0, 0x0000000002edb118]
Event: 87.944 Thread 0x0000000019793000 nmethod 7131 0x0000000003c3cf10 code [0x0000000003c3d120, 0x0000000003c3dec8]
Event: 88.441 Thread 0x00000000197a0800 7133       3       javax.swing.plaf.metal.MetalButtonUI::update (135 bytes)
Event: 88.443 Thread 0x00000000197a0800 nmethod 7133 0x0000000003223210 code [0x0000000003223480, 0x0000000003224c98]
Event: 88.443 Thread 0x00000000197a0800 7134       3       javax.swing.plaf.basic.BasicButtonUI::paint (161 bytes)
Event: 88.445 Thread 0x00000000197a0800 nmethod 7134 0x0000000003c46ad0 code [0x0000000003c46e20, 0x0000000003c48cc8]
Event: 88.445 Thread 0x00000000197a0800 7135       3       javax.swing.plaf.basic.BasicButtonUI::clearTextShiftOffset (6 bytes)
Event: 88.445 Thread 0x00000000197a0800 nmethod 7135 0x000000000341dad0 code [0x000000000341dc20, 0x000000000341dd70]

GC Heap History (10 events):
Event: 3.056 GC heap before
{Heap before GC invocations=9 (full 1):
 PSYoungGen      total 86528K, used 80177K [0x00000000d6000000, 0x00000000df900000, 0x0000000100000000)
  eden space 77824K, 100% used [0x00000000d6000000,0x00000000dac00000,0x00000000dac00000)
  from space 8704K, 27% used [0x00000000dac00000,0x00000000dae4c608,0x00000000db480000)
  to   space 8192K, 0% used [0x00000000df100000,0x00000000df100000,0x00000000df900000)
 ParOldGen       total 63488K, used 8138K [0x0000000082000000, 0x0000000085e00000, 0x00000000d6000000)
  object space 63488K, 12% used [0x0000000082000000,0x00000000827f2ad0,0x0000000085e00000)
 Metaspace       used 25043K, capacity 25780K, committed 26112K, reserved 1071104K
  class space    used 3322K, capacity 3473K, committed 3584K, reserved 1048576K
Event: 3.060 GC heap after
Heap after GC invocations=9 (full 1):
 PSYoungGen      total 140288K, used 3999K [0x00000000d6000000, 0x00000000df500000, 0x0000000100000000)
  eden space 136192K, 0% used [0x00000000d6000000,0x00000000d6000000,0x00000000de500000)
  from space 4096K, 97% used [0x00000000df100000,0x00000000df4e7e28,0x00000000df500000)
  to   space 8192K, 0% used [0x00000000de500000,0x00000000de500000,0x00000000ded00000)
 ParOldGen       total 63488K, used 9784K [0x0000000082000000, 0x0000000085e00000, 0x00000000d6000000)
  object space 63488K, 15% used [0x0000000082000000,0x000000008298e2d8,0x0000000085e00000)
 Metaspace       used 25043K, capacity 25780K, committed 26112K, reserved 1071104K
  class space    used 3322K, capacity 3473K, committed 3584K, reserved 1048576K
}
Event: 14.209 GC heap before
{Heap before GC invocations=10 (full 1):
 PSYoungGen      total 140288K, used 140191K [0x00000000d6000000, 0x00000000df500000, 0x0000000100000000)
  eden space 136192K, 100% used [0x00000000d6000000,0x00000000de500000,0x00000000de500000)
  from space 4096K, 97% used [0x00000000df100000,0x00000000df4e7e28,0x00000000df500000)
  to   space 8192K, 0% used [0x00000000de500000,0x00000000de500000,0x00000000ded00000)
 ParOldGen       total 63488K, used 9784K [0x0000000082000000, 0x0000000085e00000, 0x00000000d6000000)
  object space 63488K, 15% used [0x0000000082000000,0x000000008298e2d8,0x0000000085e00000)
 Metaspace       used 28017K, capacity 28678K, committed 28928K, reserved 1075200K
  class space    used 3559K, capacity 3718K, committed 3840K, reserved 1048576K
Event: 14.220 GC heap after
Heap after GC invocations=10 (full 1):
 PSYoungGen      total 144384K, used 8179K [0x00000000d6000000, 0x00000000e3880000, 0x0000000100000000)
  eden space 136192K, 0% used [0x00000000d6000000,0x00000000d6000000,0x00000000de500000)
  from space 8192K, 99% used [0x00000000de500000,0x00000000decfccc0,0x00000000ded00000)
  to   space 14336K, 0% used [0x00000000e2a80000,0x00000000e2a80000,0x00000000e3880000)
 ParOldGen       total 63488K, used 22286K [0x0000000082000000, 0x0000000085e00000, 0x00000000d6000000)
  object space 63488K, 35% used [0x0000000082000000,0x00000000835c3b10,0x0000000085e00000)
 Metaspace       used 28017K, capacity 28678K, committed 28928K, reserved 1075200K
  class space    used 3559K, capacity 3718K, committed 3840K, reserved 1048576K
}
Event: 45.528 GC heap before
{Heap before GC invocations=11 (full 1):
 PSYoungGen      total 144384K, used 144371K [0x00000000d6000000, 0x00000000e3880000, 0x0000000100000000)
  eden space 136192K, 100% used [0x00000000d6000000,0x00000000de500000,0x00000000de500000)
  from space 8192K, 99% used [0x00000000de500000,0x00000000decfccc0,0x00000000ded00000)
  to   space 14336K, 0% used [0x00000000e2a80000,0x00000000e2a80000,0x00000000e3880000)
 ParOldGen       total 63488K, used 22286K [0x0000000082000000, 0x0000000085e00000, 0x00000000d6000000)
  object space 63488K, 35% used [0x0000000082000000,0x00000000835c3b10,0x0000000085e00000)
 Metaspace       used 29493K, capacity 30264K, committed 30592K, reserved 1075200K
  class space    used 3696K, capacity 3871K, committed 3968K, reserved 1048576K
Event: 45.555 GC heap after
Heap after GC invocations=11 (full 1):
 PSYoungGen      total 198144K, used 14318K [0x00000000d6000000, 0x00000000e4580000, 0x0000000100000000)
  eden space 183808K, 0% used [0x00000000d6000000,0x00000000d6000000,0x00000000e1380000)
  from space 14336K, 99% used [0x00000000e2a80000,0x00000000e387b990,0x00000000e3880000)
  to   space 23552K, 0% used [0x00000000e1380000,0x00000000e1380000,0x00000000e2a80000)
 ParOldGen       total 63488K, used 39989K [0x0000000082000000, 0x0000000085e00000, 0x00000000d6000000)
  object space 63488K, 62% used [0x0000000082000000,0x000000008470d740,0x0000000085e00000)
 Metaspace       used 29493K, capacity 30264K, committed 30592K, reserved 1075200K
  class space    used 3696K, capacity 3871K, committed 3968K, reserved 1048576K
}
Event: 66.354 GC heap before
{Heap before GC invocations=12 (full 1):
 PSYoungGen      total 198144K, used 198126K [0x00000000d6000000, 0x00000000e4580000, 0x0000000100000000)
  eden space 183808K, 100% used [0x00000000d6000000,0x00000000e1380000,0x00000000e1380000)
  from space 14336K, 99% used [0x00000000e2a80000,0x00000000e387b990,0x00000000e3880000)
  to   space 23552K, 0% used [0x00000000e1380000,0x00000000e1380000,0x00000000e2a80000)
 ParOldGen       total 63488K, used 39989K [0x0000000082000000, 0x0000000085e00000, 0x00000000d6000000)
  object space 63488K, 62% used [0x0000000082000000,0x000000008470d740,0x0000000085e00000)
 Metaspace       used 29984K, capacity 30790K, committed 31104K, reserved 1077248K
  class space    used 3701K, capacity 3872K, committed 3968K, reserved 1048576K
Event: 66.392 GC heap after
Heap after GC invocations=12 (full 1):
 PSYoungGen      total 207360K, used 23521K [0x00000000d6000000, 0x00000000e9800000, 0x0000000100000000)
  eden space 183808K, 0% used [0x00000000d6000000,0x00000000d6000000,0x00000000e1380000)
  from space 23552K, 99% used [0x00000000e1380000,0x00000000e2a78660,0x00000000e2a80000)
  to   space 36864K, 0% used [0x00000000e7400000,0x00000000e7400000,0x00000000e9800000)
 ParOldGen       total 64512K, used 64371K [0x0000000082000000, 0x0000000085f00000, 0x00000000d6000000)
  object space 64512K, 99% used [0x0000000082000000,0x0000000085edce20,0x0000000085f00000)
 Metaspace       used 29984K, capacity 30790K, committed 31104K, reserved 1077248K
  class space    used 3701K, capacity 3872K, committed 3968K, reserved 1048576K
}
Event: 66.392 GC heap before
{Heap before GC invocations=13 (full 2):
 PSYoungGen      total 207360K, used 23521K [0x00000000d6000000, 0x00000000e9800000, 0x0000000100000000)
  eden space 183808K, 0% used [0x00000000d6000000,0x00000000d6000000,0x00000000e1380000)
  from space 23552K, 99% used [0x00000000e1380000,0x00000000e2a78660,0x00000000e2a80000)
  to   space 36864K, 0% used [0x00000000e7400000,0x00000000e7400000,0x00000000e9800000)
 ParOldGen       total 64512K, used 64371K [0x0000000082000000, 0x0000000085f00000, 0x00000000d6000000)
  object space 64512K, 99% used [0x0000000082000000,0x0000000085edce20,0x0000000085f00000)
 Metaspace       used 29984K, capacity 30790K, committed 31104K, reserved 1077248K
  class space    used 3701K, capacity 3872K, committed 3968K, reserved 1048576K
Event: 66.471 GC heap after
Heap after GC invocations=13 (full 2):
 PSYoungGen      total 207360K, used 0K [0x00000000d6000000, 0x00000000e9800000, 0x0000000100000000)
  eden space 183808K, 0% used [0x00000000d6000000,0x00000000d6000000,0x00000000e1380000)
  from space 23552K, 0% used [0x00000000e1380000,0x00000000e1380000,0x00000000e2a80000)
  to   space 36864K, 0% used [0x00000000e7400000,0x00000000e7400000,0x00000000e9800000)
 ParOldGen       total 148992K, used 61034K [0x0000000082000000, 0x000000008b180000, 0x00000000d6000000)
  object space 148992K, 40% used [0x0000000082000000,0x0000000085b9a960,0x000000008b180000)
 Metaspace       used 29984K, capacity 30790K, committed 31104K, reserved 1077248K
  class space    used 3701K, capacity 3872K, committed 3968K, reserved 1048576K
}

Deoptimization events (10 events):
Event: 57.830 Thread 0x000000001f679800 Uncommon trap: reason=class_check action=maybe_recompile pc=0x00000000035f4860 method=com.sun.webkit.graphics.GraphicsDecoder.decode(Lcom/sun/webkit/graphics/WCGraphicsManager;Lcom/sun/webkit/graphics/WCGraphicsContext;Lcom/sun/webkit/graphics/BufferData;)(?cò2ÌL@
Event: 57.853 Thread 0x000000001f679800 Uncommon trap: reason=class_check action=maybe_recompile pc=0x00000000035f4860 method=com.sun.webkit.graphics.GraphicsDecoder.decode(Lcom/sun/webkit/graphics/WCGraphicsManager;Lcom/sun/webkit/graphics/WCGraphicsContext;Lcom/sun/webkit/graphics/BufferData;)·"≤ŸQFO@
Event: 62.549 Thread 0x000000001f679800 Uncommon trap: reason=unreached action=reinterpret pc=0x00000000037215a8 method=com.sun.webkit.graphics.GraphicsDecoder.drawImage(Lcom/sun/webkit/graphics/WCGraphicsContext;Ljava/lang/Object;FFFFFFFF)V @ 8
Event: 64.523 Thread 0x000000001a85f800 Uncommon trap: reason=class_check action=maybe_recompile pc=0x0000000003712750 method=java.awt.EventQueue.coalesceEvent(Ljava/awt/AWTEvent;I)Z @ 77
Event: 64.546 Thread 0x000000001a85f800 Uncommon trap: reason=class_check action=maybe_recompile pc=0x0000000003712750 method=java.awt.EventQueue.coalesceEvent(Ljava/awt/AWTEvent;I)Z @ 77
Event: 64.572 Thread 0x000000001f679800 Uncommon trap: reason=class_check action=maybe_recompile pc=0x0000000003712750 method=java.awt.EventQueue.coalesceEvent(Ljava/awt/AWTEvent;I)Z @ 77
Event: 64.622 Thread 0x000000001a85f800 Uncommon trap: reason=class_check action=maybe_recompile pc=0x0000000003712750 method=java.awt.EventQueue.coalesceEvent(Ljava/awt/AWTEvent;I)Z @ 77
Event: 80.708 Thread 0x000000001ffc2800 Uncommon trap: reason=class_check action=maybe_recompile pc=0x0000000002f0a064 method=java.util.regex.Matcher.getTextLength()I @ 4
Event: 80.708 Thread 0x000000001ffc2800 Uncommon trap: reason=class_check action=maybe_recompile pc=0x0000000002e8bb6c method=java.util.regex.Pattern$Curly.match(Ljava/util/regex/Matcher;ILjava/lang/CharSequence;)Z @ 19
Event: 80.708 Thread 0x000000001ffc2800 Uncommon trap: reason=class_check action=maybe_recompile pc=0x0000000002e8bb6c method=java.util.regex.Pattern$Curly.match(Ljava/util/regex/Matcher;ILjava/lang/CharSequence;)Z @ 19

Internal exceptions (10 events):
Event: 4.392 Thread 0x000000001a85f800 Exception <a 'java/security/PrivilegedActionException'> (0x00000000d7669f10) thrown at [D:\re\workspace\8-2-build-windows-amd64-cygwin\jdk8u25\1677\hotspot\src\share\vm\prims\jvm.cpp, line 1312]
Event: 4.526 Thread 0x000000001a85f800 Exception <a 'java/security/PrivilegedActionException'> (0x00000000d769ce70) thrown at [D:\re\workspace\8-2-build-windows-amd64-cygwin\jdk8u25\1677\hotspot\src\share\vm\prims\jvm.cpp, line 1312]
Event: 4.526 Thread 0x000000001a85f800 Exception <a 'java/security/PrivilegedActionException'> (0x00000000d76a29d0) thrown at [D:\re\workspace\8-2-build-windows-amd64-cygwin\jdk8u25\1677\hotspot\src\share\vm\prims\jvm.cpp, line 1312]
Event: 7.428 Thread 0x000000001a85f800 Exception <a 'java/security/PrivilegedActionException'> (0x00000000da81e780) thrown at [D:\re\workspace\8-2-build-windows-amd64-cygwin\jdk8u25\1677\hotspot\src\share\vm\prims\jvm.cpp, line 1312]
Event: 14.325 Thread 0x000000001f679800 Implicit null exception at 0x0000000002b687f0 to 0x0000000002b6884d
Event: 16.706 Thread 0x000000001e47a000 Exception <a 'java/security/PrivilegedActionException'> (0x00000000d7e4ba28) thrown at [D:\re\workspace\8-2-build-windows-amd64-cygwin\jdk8u25\1677\hotspot\src\share\vm\prims\jvm.cpp, line 1312]
Event: 16.708 Thread 0x000000001e47a000 Exception <a 'java/security/PrivilegedActionException'> (0x00000000d7e6b650) thrown at [D:\re\workspace\8-2-build-windows-amd64-cygwin\jdk8u25\1677\hotspot\src\share\vm\prims\jvm.cpp, line 1312]
Event: 16.709 Thread 0x000000001e47a000 Exception <a 'java/security/PrivilegedActionException'> (0x00000000d7e9d320) thrown at [D:\re\workspace\8-2-build-windows-amd64-cygwin\jdk8u25\1677\hotspot\src\share\vm\prims\jvm.cpp, line 1312]
Event: 19.188 Thread 0x000000001a85f800 Exception <a 'java/security/PrivilegedActionException'> (0x00000000d6a4c288) thrown at [D:\re\workspace\8-2-build-windows-amd64-cygwin\jdk8u25\1677\hotspot\src\share\vm\prims\jvm.cpp, line 1312]
Event: 34.088 Thread 0x000000001a85f800 Exception <a 'java/security/PrivilegedActionException'> (0x00000000d6b2afd0) thrown at [D:\re\workspace\8-2-build-windows-amd64-cygwin\jdk8u25\1677\hotspot\src\share\vm\prims\jvm.cpp, line 1312]

Events (10 events):
Event: 87.639 Thread 0x000000001ee65000 Thread added: 0x000000001ee65000
Event: 87.639 Thread 0x000000001ee65000 Thread exited: 0x000000001ee65000
Event: 87.644 Thread 0x000000001ee65000 Thread added: 0x000000001ee65000
Event: 87.644 Thread 0x000000001ee65000 Thread exited: 0x000000001ee65000
Event: 87.702 Thread 0x000000001ee65800 Thread added: 0x000000001ee65800
Event: 87.708 Thread 0x000000001ee65000 Thread added: 0x000000001ee65000
Event: 87.716 Thread 0x00000000282c1800 Thread added: 0x00000000282c1800
Event: 87.722 Thread 0x00000000282c3800 Thread added: 0x00000000282c3800
Event: 87.724 Thread 0x00000000282c0800 Thread added: 0x00000000282c0800
Event: 87.733 Thread 0x00000000282c4800 Thread added: 0x00000000282c4800


Dynamic libraries:
0x00007ff7820b0000 - 0x00007ff7820e4000 	C:\Program Files\Java\jdk1.8.0_25\bin\java.exe
0x00007ffb2ea10000 - 0x00007ffb2ebb6000 	C:\WINDOWS\SYSTEM32\ntdll.dll
0x00007ffb2e460000 - 0x00007ffb2e59a000 	C:\WINDOWS\system32\KERNEL32.DLL
0x00007ffb2bfa0000 - 0x00007ffb2c0af000 	C:\WINDOWS\system32\KERNELBASE.dll
0x00007ffb2a8d0000 - 0x00007ffb2a958000 	C:\WINDOWS\system32\apphelp.dll
0x00007ffb26540000 - 0x00007ffb2658f000 	C:\WINDOWS\AppPatch\AppPatch64\AcGenral.DLL
0x00007ffb2e160000 - 0x00007ffb2e207000 	C:\WINDOWS\system32\msvcrt.dll
0x00007ffb2bbc0000 - 0x00007ffb2bbeb000 	C:\WINDOWS\SYSTEM32\SspiCli.dll
0x00007ffb2c580000 - 0x00007ffb2c5d1000 	C:\WINDOWS\system32\SHLWAPI.dll
0x00007ffb2e2e0000 - 0x00007ffb2e451000 	C:\WINDOWS\system32\USER32.dll
0x00007ffb2ddc0000 - 0x00007ffb2df38000 	C:\WINDOWS\system32\ole32.dll
0x00007ffb2c9b0000 - 0x00007ffb2ddbf000 	C:\WINDOWS\system32\SHELL32.dll
0x00007ffb2b370000 - 0x00007ffb2b38e000 	C:\WINDOWS\SYSTEM32\USERENV.dll
0x00007ffb2c780000 - 0x00007ffb2c825000 	C:\WINDOWS\system32\ADVAPI32.dll
0x00007ffb1f2b0000 - 0x00007ffb1f2cb000 	C:\WINDOWS\SYSTEM32\MPR.dll
0x00007ffb2c870000 - 0x00007ffb2c9a7000 	C:\WINDOWS\system32\RPCRT4.dll
0x00007ffb2c290000 - 0x00007ffb2c2e7000 	C:\WINDOWS\SYSTEM32\sechost.dll
0x00007ffb2e650000 - 0x00007ffb2e826000 	C:\WINDOWS\SYSTEM32\combase.dll
0x00007ffb2df50000 - 0x00007ffb2e094000 	C:\WINDOWS\system32\GDI32.dll
0x00007ffb2bd80000 - 0x00007ffb2bd94000 	C:\WINDOWS\SYSTEM32\profapi.dll
0x00007ffb2a960000 - 0x00007ffb2a9ff000 	C:\WINDOWS\SYSTEM32\SHCORE.dll
0x00007ffb2c830000 - 0x00007ffb2c864000 	C:\WINDOWS\system32\IMM32.DLL
0x00007ffb2c430000 - 0x00007ffb2c569000 	C:\WINDOWS\system32\MSCTF.dll
0x00007ffb29a40000 - 0x00007ffb29c9a000 	C:\WINDOWS\WinSxS\amd64_microsoft.windows.common-controls_6595b64144ccf1df_6.0.9600.17031_none_6242a4b3ecbb55a1\COMCTL32.dll
0x0000000054eb0000 - 0x0000000054f82000 	C:\Program Files\Java\jdk1.8.0_25\jre\bin\msvcr100.dll
0x0000000053bf0000 - 0x000000005444a000 	C:\Program Files\Java\jdk1.8.0_25\jre\bin\server\jvm.dll
0x00007ffb222b0000 - 0x00007ffb222b9000 	C:\WINDOWS\SYSTEM32\WSOCK32.dll
0x00007ffb296d0000 - 0x00007ffb296ef000 	C:\WINDOWS\SYSTEM32\WINMM.dll
0x00007ffb2df40000 - 0x00007ffb2df47000 	C:\WINDOWS\system32\PSAPI.DLL
0x00007ffb2e210000 - 0x00007ffb2e268000 	C:\WINDOWS\system32\WS2_32.dll
0x00007ffb293f0000 - 0x00007ffb2941a000 	C:\WINDOWS\SYSTEM32\WINMMBASE.dll
0x00007ffb2c570000 - 0x00007ffb2c579000 	C:\WINDOWS\system32\NSI.dll
0x00007ffb2bea0000 - 0x00007ffb2beea000 	C:\WINDOWS\SYSTEM32\cfgmgr32.dll
0x00007ffb2ac10000 - 0x00007ffb2ac36000 	C:\WINDOWS\SYSTEM32\DEVOBJ.dll
0x0000000055420000 - 0x000000005542f000 	C:\Program Files\Java\jdk1.8.0_25\jre\bin\verify.dll
0x0000000054e80000 - 0x0000000054ea8000 	C:\Program Files\Java\jdk1.8.0_25\jre\bin\java.dll
0x0000000055400000 - 0x0000000055416000 	C:\Program Files\Java\jdk1.8.0_25\jre\bin\zip.dll
0x0000000053a50000 - 0x0000000053be8000 	C:\Program Files\Java\jdk1.8.0_25\jre\bin\awt.dll
0x00007ffb2c360000 - 0x00007ffb2c421000 	C:\WINDOWS\system32\OLEAUT32.dll
0x00007ffb2aa60000 - 0x00007ffb2ab81000 	C:\WINDOWS\system32\uxtheme.dll
0x00007ffb2a1b0000 - 0x00007ffb2a1d0000 	C:\WINDOWS\system32\dwmapi.dll
0x00007ffb2abe0000 - 0x00007ffb2abea000 	C:\WINDOWS\SYSTEM32\kernel.appcore.dll
0x00007ffb2bc50000 - 0x00007ffb2bc5a000 	C:\WINDOWS\SYSTEM32\CRYPTBASE.dll
0x00007ffb2bbf0000 - 0x00007ffb2bc50000 	C:\WINDOWS\SYSTEM32\bcryptPrimitives.dll
0x00007ffb213b0000 - 0x00007ffb215b8000 	C:\WINDOWS\system32\d3d9.dll
0x00007ffb296f0000 - 0x00007ffb296fa000 	C:\WINDOWS\SYSTEM32\VERSION.dll
0x00007ffb28cc0000 - 0x00007ffb28dbc000 	C:\WINDOWS\SYSTEM32\nvumdshimx.dll
0x00007ffb2e830000 - 0x00007ffb2ea04000 	C:\WINDOWS\system32\SETUPAPI.dll
0x00007ffb29fc0000 - 0x00007ffb29ff1000 	C:\WINDOWS\system32\nvinitx.dll
0x000000001b810000 - 0x000000001b816000 	C:\Program Files\NVIDIA Corporation\CoProcManager\_etoured.dll
0x00007ffb29d60000 - 0x00007ffb29d92000 	C:\Program Files\NVIDIA Corporation\CoProcManager\nvd3d9wrapx.dll
0x00007ffb29d30000 - 0x00007ffb29d52000 	C:\Program Files\NVIDIA Corporation\CoProcManager\nvdxgiwrapx.dll
0x00007ffafcc60000 - 0x00007ffafdc27000 	C:\WINDOWS\system32\igdumdim64.dll
0x00007ffb26870000 - 0x00007ffb26cd0000 	C:\WINDOWS\SYSTEM32\igdusc64.dll
0x00000000537a0000 - 0x00000000537d1000 	C:\Program Files\Java\jdk1.8.0_25\jre\bin\jpeg.dll
0x0000000054df0000 - 0x0000000054e37000 	C:\Program Files\Java\jdk1.8.0_25\jre\bin\fontmanager.dll
0x00007ffb2e5a0000 - 0x00007ffb2e644000 	C:\WINDOWS\SYSTEM32\clbcatq.dll
0x00007ffb1f740000 - 0x00007ffb1f8d3000 	C:\WINDOWS\SYSTEM32\WindowsCodecs.dll
0x00007ffb2b610000 - 0x00007ffb2b62e000 	C:\WINDOWS\SYSTEM32\CRYPTSP.dll
0x00007ffb2b0d0000 - 0x00007ffb2b105000 	C:\WINDOWS\system32\rsaenh.dll
0x00007ffb2b8c0000 - 0x00007ffb2b8e6000 	C:\WINDOWS\SYSTEM32\bcrypt.dll
0x0000000054e60000 - 0x0000000054e7a000 	C:\Program Files\Java\jdk1.8.0_25\jre\bin\net.dll
0x00007ffb2b5b0000 - 0x00007ffb2b608000 	C:\WINDOWS\system32\mswsock.dll
0x0000000054e40000 - 0x0000000054e51000 	C:\Program Files\Java\jdk1.8.0_25\jre\bin\nio.dll
0x0000000054da0000 - 0x0000000054de1000 	C:\Program Files\Java\jdk1.8.0_25\jre\bin\t2k.dll
0x0000000053770000 - 0x000000005379c000 	C:\Program Files\Java\jdk1.8.0_25\jre\bin\prism_d3d.dll
0x0000000053720000 - 0x0000000053762000 	C:\Program Files\Java\jdk1.8.0_25\jre\bin\glass.dll
0x00007ffb2e0a0000 - 0x00007ffb2e13e000 	C:\WINDOWS\system32\COMDLG32.dll
0x0000000054d10000 - 0x0000000054d25000 	C:\Program Files\Java\jdk1.8.0_25\jre\bin\javafx_font.dll
0x00007ffb28250000 - 0x00007ffb28437000 	C:\WINDOWS\SYSTEM32\dwrite.dll
0x0000000054d60000 - 0x0000000054d84000 	C:\Program Files\Java\jdk1.8.0_25\jre\bin\sunec.dll
0x0000000052340000 - 0x0000000053718000 	C:\Program Files\Java\jdk1.8.0_25\jre\bin\jfxwebkit.dll
0x00007ffb1a3b0000 - 0x00007ffb1a3c4000 	C:\WINDOWS\system32\napinsp.dll
0x00007ffb1a390000 - 0x00007ffb1a3a9000 	C:\WINDOWS\system32\pnrpnsp.dll
0x00007ffb28800000 - 0x00007ffb28819000 	C:\WINDOWS\system32\NLAapi.dll
0x00007ffb2b390000 - 0x00007ffb2b433000 	C:\WINDOWS\SYSTEM32\DNSAPI.dll
0x00007ffb1a380000 - 0x00007ffb1a38c000 	C:\WINDOWS\System32\winrnr.dll
0x00007ffb1a360000 - 0x00007ffb1a373000 	C:\WINDOWS\system32\wshbth.dll
0x00007ffb205b0000 - 0x00007ffb205b9000 	C:\Windows\System32\rasadhlp.dll
0x00007ffb25e70000 - 0x00007ffb25e99000 	C:\WINDOWS\SYSTEM32\IPHLPAPI.DLL
0x00007ffb266f0000 - 0x00007ffb266fa000 	C:\WINDOWS\SYSTEM32\WINNSI.DLL
0x00007ffb24f10000 - 0x00007ffb24f78000 	C:\WINDOWS\System32\fwpuclnt.dll
0x00007ffb24e10000 - 0x00007ffb24e24000 	C:\WINDOWS\SYSTEM32\dhcpcsvc6.DLL
0x00007ffb25020000 - 0x00007ffb25039000 	C:\WINDOWS\SYSTEM32\dhcpcsvc.DLL
0x0000000052320000 - 0x0000000052331000 	C:\Program Files\Java\jdk1.8.0_25\jre\bin\prism_common.dll
0x00000000522f0000 - 0x0000000052315000 	C:\Program Files\Java\jdk1.8.0_25\jre\bin\javafx_iio.dll

VM Arguments:
jvm_args: -Dfile.encoding=UTF-8 
java_command: top5v2.Top5V2
java_class_path (initial): C:\Users\Mike\Downloads\Top5Finishedv2\Top5Finished\Top5V2\Libraries\jcommander-1.32.jar;C:\Users\Mike\Downloads\Top5Finishedv2\Top5Finished\Top5V2\Libraries\json-simple-1.1.1.jar;C:\Users\Mike\Downloads\Top5Finishedv2\Top5Finished\Top5V2\Libraries\scribe-1.3.5.jar;C:\Users\Mike\Downloads\Top5Finishedv2\Top5Finished\Top5V2\build\classes
Launcher Type: SUN_STANDARD

Environment Variables:
PATH=C:\ProgramData\Oracle\Java\javapath;C:\Program Files (x86)\NVIDIA Corporation\PhysX\Common;C:\Program Files (x86)\Intel\iCLS Client\;C:\Program Files\Intel\iCLS Client\;C:\WINDOWS\system32;C:\WINDOWS;C:\WINDOWS\System32\Wbem;C:\WINDOWS\System32\WindowsPowerShell\v1.0\;C:\Program Files\Intel\Intel(R) Management Engine Components\DAL;C:\Program Files\Intel\Intel(R) Management Engine Components\IPT;C:\Program Files (x86)\Intel\Intel(R) Management Engine Components\DAL;C:\Program Files (x86)\Intel\Intel(R) Management Engine Components\IPT;C:\Program Files (x86)\Intel\OpenCL SDK\2.0\bin\x86;C:\Program Files (x86)\Intel\OpenCL SDK\2.0\bin\x64;C\Python33\python;C:\Program Files\Intel\WiFi\bin\;C:\Program Files\Common Files\Intel\WirelessCommon\;C:\Program Files\Intel\WiFi\bin\;C:\Program Files\Common Files\Intel\WirelessCommon\
USERNAME=Mike
OS=Windows_NT
PROCESSOR_IDENTIFIER=Intel64 Family 6 Model 58 Stepping 9, GenuineIntel



---------------  S Y S T E M  ---------------

OS: Windows 8.1 , 64 bit Build 9600 

CPU:total 8 (4 cores per cpu, 2 threads per core) family 6 model 58 stepping 9, cmov, cx8, fxsr, mmx, sse, sse2, sse3, ssse3, sse4.1, sse4.2, popcnt, avx, aes, clmul, erms, ht, tsc, tscinvbit, tscinv

Memory: 4k page, physical 8251156k(1668936k free), swap 10348308k(5140k free)

vm_info: Java HotSpot(TM) 64-Bit Server VM (25.25-b02) for windows-amd64 JRE (1.8.0_25-b18), built on Oct  7 2014 14:25:37 by "java_re" with MS VC++ 10.0 (VS2010)

time: Mon Dec 01 17:19:09 2014
elapsed time: 88 seconds (0d 0h 1m 28s)

